<?xml version="1.0" encoding="utf-8"?><testsuites name="pytest tests"><testsuite name="pytest" errors="0" failures="0" skipped="0" tests="12" time="2.435" timestamp="2026-04-20T21:34:01.270964+00:00" hostname="agent-env-08c34898-8d21-4768-b7ef-5ab84aeee347"><testcase classname="backend.tests.test_compression_ladder_api.TestHealth" name="test_health" time="0.174" /><testcase classname="backend.tests.test_compression_ladder_api.TestPackages" name="test_packages_list" time="0.055" /><testcase classname="backend.tests.test_compression_ladder_api.TestLeads" name="test_lead_capture_valid" time="0.059" /><testcase classname="backend.tests.test_compression_ladder_api.TestLeads" name="test_lead_dedup" time="0.114" /><testcase classname="backend.tests.test_compression_ladder_api.TestLeads" name="test_lead_invalid_email" time="0.049" /><testcase classname="backend.tests.test_compression_ladder_api.TestContact" name="test_contact_valid" time="0.060" /><testcase classname="backend.tests.test_compression_ladder_api.TestContact" name="test_contact_invalid_email" time="0.052" /><testcase classname="backend.tests.test_compression_ladder_api.TestCheckout" name="test_checkout_session_success" time="0.694" /><testcase classname="backend.tests.test_compression_ladder_api.TestCheckout" name="test_checkout_session_invalid_package" time="0.068" /><testcase classname="backend.tests.test_compression_ladder_api.TestCheckout" name="test_checkout_status" time="0.474" /><testcase classname="backend.tests.test_compression_ladder_api.TestCheckout" name="test_checkout_status_nonexistent" time="0.510" /><testcase classname="backend.tests.test_compression_ladder_api.TestCheckout" name="test_webhook_reachable_no_signature" time="0.048" /></testsuite></testsuites>