<?xml version="1.0" encoding="utf-8"?><testsuites name="pytest tests"><testsuite name="pytest" errors="0" failures="1" skipped="0" tests="11" time="1.739" timestamp="2026-04-20T21:25:39.630081+00:00" hostname="agent-env-08c34898-8d21-4768-b7ef-5ab84aeee347"><testcase classname="backend.tests.test_compression_ladder_api.TestHealth" name="test_health" time="0.228" /><testcase classname="backend.tests.test_compression_ladder_api.TestPackages" name="test_packages_list" time="0.061" /><testcase classname="backend.tests.test_compression_ladder_api.TestLeads" name="test_lead_capture_valid" time="0.057" /><testcase classname="backend.tests.test_compression_ladder_api.TestLeads" name="test_lead_dedup" time="0.107" /><testcase classname="backend.tests.test_compression_ladder_api.TestLeads" name="test_lead_invalid_email" time="0.050" /><testcase classname="backend.tests.test_compression_ladder_api.TestContact" name="test_contact_valid" time="0.068" /><testcase classname="backend.tests.test_compression_ladder_api.TestContact" name="test_contact_invalid_email" time="0.050" /><testcase classname="backend.tests.test_compression_ladder_api.TestCheckout" name="test_checkout_session_success" time="0.627" /><testcase classname="backend.tests.test_compression_ladder_api.TestCheckout" name="test_checkout_session_invalid_package" time="0.048" /><testcase classname="backend.tests.test_compression_ladder_api.TestCheckout" name="test_checkout_status" time="0.298"><failure message="AssertionError: Internal Server Error&#10;assert 500 == 200&#10; +  where 500 = &lt;Response [500]&gt;.status_code">backend/tests/test_compression_ladder_api.py:130: in test_checkout_status
    assert r.status_code == 200, r.text
E   AssertionError: Internal Server Error
E   assert 500 == 200
E    +  where 500 = &lt;Response [500]&gt;.status_code</failure></testcase><testcase classname="backend.tests.test_compression_ladder_api.TestCheckout" name="test_webhook_reachable_no_signature" time="0.053" /></testsuite></testsuites>